<?xml version="1.0" encoding="UTF-8" ?>
<testsuites>
 <testsuite name="Tests for Books dropdown on home page" timestamp="2017-08-24T01:25:12" hostname="localhost" time="0.005" errors="0" tests="3" skipped="3" disabled="0" failures="0">
  <testcase classname="Tests for Books dropdown on home page" name="Verify books dropdown is appearing on hover" time="0.002">
   <skipped />
  </testcase>
  <testcase classname="Tests for Books dropdown on home page" name="Verify book categories are displayed on books dropdown" time="0">
   <skipped />
  </testcase>
  <testcase classname="Tests for Books dropdown on home page" name="Verify book categories link redirects to the correct page" time="0.001">
   <skipped />
  </testcase>
 </testsuite>
 <testsuite name="Book Sorting test cases" timestamp="2017-08-24T01:25:12" hostname="localhost" time="0.003" errors="0" tests="8" skipped="8" disabled="0" failures="0">
  <testcase classname="Book Sorting test cases" name="Verify contents of &apos;Sort By&apos; dropdown" time="0">
   <skipped />
  </testcase>
  <testcase classname="Book Sorting test cases" name="Verify default sorting is &apos;Newest First&apos;" time="0">
   <skipped />
  </testcase>
  <testcase classname="Book Sorting test cases" name="Verify changing to sorting : Most relevant first" time="0">
   <skipped />
  </testcase>
  <testcase classname="Book Sorting test cases" name="Verify changing to sorting : Price(High to Low)" time="0">
   <skipped />
  </testcase>
  <testcase classname="Book Sorting test cases" name="Verify changing to sorting : Price(Low to High)" time="0">
   <skipped />
  </testcase>
  <testcase classname="Book Sorting test cases" name="Verify changing to sorting : Alphabetically(A-Z)" time="0.002">
   <skipped />
  </testcase>
  <testcase classname="Book Sorting test cases" name="Verify changing to sorting : Alphabetically(Z-A)" time="0">
   <skipped />
  </testcase>
  <testcase classname="Book Sorting test cases" name="Verify changing to sorting : Newest First" time="0">
   <skipped />
  </testcase>
 </testsuite>
 <testsuite name="View test cases" timestamp="2017-08-24T01:25:12" hostname="localhost" time="0" errors="0" tests="3" skipped="3" disabled="0" failures="0">
  <testcase classname="View test cases" name="Verify default grid view is List View" time="0">
   <skipped />
  </testcase>
  <testcase classname="View test cases" name="Verify changing view to Grid View" time="0">
   <skipped />
  </testcase>
  <testcase classname="View test cases" name="Verify changing view to List View" time="0">
   <skipped />
  </testcase>
 </testsuite>
 <testsuite name="Pagination test cases" timestamp="2017-08-24T01:25:12" hostname="localhost" time="0.002" errors="0" tests="5" skipped="5" disabled="0" failures="0">
  <testcase classname="Pagination test cases" name="Verify 12 items are displayed on each page in default view(list)" time="0">
   <skipped />
  </testcase>
  <testcase classname="Pagination test cases" name="Verify functionality of &apos;Previous&apos; button" time="0">
   <skipped />
  </testcase>
  <testcase classname="Pagination test cases" name="Verify functionality of &apos;Next&apos; button" time="0.002">
   <skipped />
  </testcase>
  <testcase classname="Pagination test cases" name="Verify functionality of &apos;Previous&apos; arrow" time="0">
   <skipped />
  </testcase>
  <testcase classname="Pagination test cases" name="Verify functionality of &apos;Next&apos; arrow" time="0">
   <skipped />
  </testcase>
 </testsuite>
 <testsuite name="&apos;Browse By&apos; test cases" timestamp="2017-08-24T01:25:12" hostname="localhost" time="16.923" errors="0" tests="2" skipped="1" disabled="0" failures="1">
  <testcase classname="&apos;Browse By&apos; test cases" name="Verify applying &apos;New Releases&apos; filter" time="0">
   <skipped message="Temporarily disabled with xit" />
  </testcase>
  <testcase classname="&apos;Browse By&apos; test cases" name="Verify applying &apos;Coming Soon&apos; filter" time="5.798">
   <failure type="exception" message="NoSuchWindowError: no such window: target window already closed
from unknown error: web view not found
  (Session info: chrome=60.0.3112.101)
  (Driver info: chromedriver=2.31.488774 (7e15618d1bf16df8bf0ecf2914ed1964a387ba0b),platform=Mac OS X 10.12.4 x86_64)"><![CDATA[NoSuchWindowError: no such window: target window already closed
from unknown error: web view not found
  (Session info: chrome=60.0.3112.101)
  (Driver info: chromedriver=2.31.488774 (7e15618d1bf16df8bf0ecf2914ed1964a387ba0b),platform=Mac OS X 10.12.4 x86_64)
    at WebDriverError (/usr/local/lib/node_modules/protractor/node_modules/selenium-webdriver/lib/error.js:27:5)
    at NoSuchWindowError (/usr/local/lib/node_modules/protractor/node_modules/selenium-webdriver/lib/error.js:192:5)
    at Object.checkLegacyResponse (/usr/local/lib/node_modules/protractor/node_modules/selenium-webdriver/lib/error.js:505:15)
    at parseHttpResponse (/usr/local/lib/node_modules/protractor/node_modules/selenium-webdriver/lib/http.js:509:13)
    at doSend.then.response (/usr/local/lib/node_modules/protractor/node_modules/selenium-webdriver/lib/http.js:440:13)
    at process._tickCallback (internal/process/next_tick.js:109:7)
From: Task: WebDriver.findElements(By(xpath, (//li[@class='row-fluid']//a[text()='More Details'])))
    at Driver.schedule (/usr/local/lib/node_modules/protractor/node_modules/selenium-webdriver/lib/webdriver.js:816:17)
    at Driver.findElements (/usr/local/lib/node_modules/protractor/node_modules/selenium-webdriver/lib/webdriver.js:1057:22)
    at ptor.waitForAngular.then (/usr/local/lib/node_modules/protractor/lib/element.ts:166:36)
    at ManagedPromise.invokeCallback_ (/usr/local/lib/node_modules/protractor/node_modules/selenium-webdriver/lib/promise.js:1366:14)
    at TaskQueue.execute_ (/usr/local/lib/node_modules/protractor/node_modules/selenium-webdriver/lib/promise.js:2970:14)
    at TaskQueue.executeNext_ (/usr/local/lib/node_modules/protractor/node_modules/selenium-webdriver/lib/promise.js:2953:27)
    at asyncRun (/usr/local/lib/node_modules/protractor/node_modules/selenium-webdriver/lib/promise.js:2813:27)
    at /usr/local/lib/node_modules/protractor/node_modules/selenium-webdriver/lib/promise.js:676:7
    at process._tickCallback (internal/process/next_tick.js:109:7)Error
    at ElementArrayFinder.applyAction_ (/usr/local/lib/node_modules/protractor/lib/element.ts:482:23)
    at ElementArrayFinder.(anonymous function) [as click] (/usr/local/lib/node_modules/protractor/lib/element.ts:96:21)
    at ElementFinder.(anonymous function) [as click] (/usr/local/lib/node_modules/protractor/lib/element.ts:873:14)
    at Object.<anonymous> (/Users/user/Desktop/PankajDubey-dkhub-spa-11a2f3993c2b/pages/booksPage.js:241:73)
    at elementArrayFinder_.then (/usr/local/lib/node_modules/protractor/lib/element.ts:840:22)
    at ManagedPromise.invokeCallback_ (/usr/local/lib/node_modules/protractor/node_modules/selenium-webdriver/lib/promise.js:1366:14)
    at TaskQueue.execute_ (/usr/local/lib/node_modules/protractor/node_modules/selenium-webdriver/lib/promise.js:2970:14)
    at TaskQueue.executeNext_ (/usr/local/lib/node_modules/protractor/node_modules/selenium-webdriver/lib/promise.js:2953:27)
    at asyncRun (/usr/local/lib/node_modules/protractor/node_modules/selenium-webdriver/lib/promise.js:2813:27)
    at /usr/local/lib/node_modules/protractor/node_modules/selenium-webdriver/lib/promise.js:676:7]]>
   </failure>
  </testcase>
 </testsuite>
</testsuites>